<?xml version="1.0" encoding="UTF-8"?>
<testsuite name="tests.DodoTests" tests="1" skipped="0" failures="0" errors="0" timestamp="2023-04-16T19:05:39" hostname="DESKTOP-T1L377U" time="3.339">
  <properties/>
  <testcase name="mailForWorkNegative()" classname="tests.DodoTests" time="3.339"/>
  <system-out><![CDATA[HTTP/1.1 403 Forbidden
Date: Sun, 16 Apr 2023 19:05:41 GMT
X-Content-Type-Options: nosniff
Set-Cookie: JSESSIONID.400fc16c=node01kl6tss8yjp3lleee0ttkwrfe3.node0; Path=/; HttpOnly
Expires: Thu, 01 Jan 1970 00:00:00 GMT
Content-Type: text/html;charset=utf-8
X-Hudson: 1.395
X-Jenkins: 2.303.1
X-Jenkins-Session: 261369b3
Content-Length: 722
Server: Jetty(9.4.42.v20210604)

<html>
  <head>
    <meta http-equiv="refresh" content="1;url=/login?from=%2Fapi%2Fapplicants%2Fvacancies%2Fresponse%3FapiKey%3D1b1d705f-0b5a-4c7d-a84d-81a5d2f662a5"/>
    <script>window.location.replace('/login?from=%2Fapi%2Fapplicants%2Fvacancies%2Fresponse%3FapiKey%3D1b1d705f-0b5a-4c7d-a84d-81a5d2f662a5');</script>
  </head>
  <body style="background-color:white; color:white;">


Authentication required


</body>
</html>
]]></system-out>
  <system-err><![CDATA[]]></system-err>
</testsuite>
